0 verbose cli C:\Program Files\nodejs\node.exe C:\Program Files\nodejs\node_modules\npm\bin\npm-cli.js
1 info using npm@10.2.4
2 info using node@v20.11.1
3 timing npm:load:whichnode Completed in 4ms
4 timing config:load:defaults Completed in 6ms
5 timing config:load:file:C:\Program Files\nodejs\node_modules\npm\npmrc Completed in 8ms
6 timing config:load:builtin Completed in 10ms
7 timing config:load:cli Completed in 5ms
8 timing config:load:env Completed in 2ms
9 timing config:load:file:C:\Users\39393\Documents\Truffly\.npmrc Completed in 1ms
10 timing config:load:project Completed in 4ms
11 timing config:load:file:C:\Users\39393\.npmrc Completed in 0ms
12 timing config:load:user Completed in 0ms
13 timing config:load:file:C:\Users\39393\AppData\Roaming\npm\etc\npmrc Completed in 0ms
14 timing config:load:global Completed in 1ms
15 timing config:load:setEnvs Completed in 2ms
16 timing config:load Completed in 30ms
17 timing npm:load:configload Completed in 30ms
18 timing config:load:flatten Completed in 4ms
19 timing npm:load:mkdirpcache Completed in 0ms
20 timing npm:load:mkdirplogs Completed in 1ms
21 verbose title npm exec supabase@2.84.2 --version
22 verbose argv "exec" "--yes" "--" "supabase@2.84.2" "--version"
23 timing npm:load:setTitle Completed in 2ms
24 timing npm:load:display Completed in 1ms
25 verbose logfile logs-max:10 dir:C:\Users\39393\Documents\Truffly\.npm-cache\_logs\2026-04-14T07_59_00_706Z-
26 verbose logfile C:\Users\39393\Documents\Truffly\.npm-cache\_logs\2026-04-14T07_59_00_706Z-debug-0.log
27 timing npm:load:logFile Completed in 26ms
28 timing npm:load:timers Completed in 0ms
29 timing npm:load:configScope Completed in 0ms
30 timing npm:load Completed in 120ms
31 silly logfile done cleaning log files
32 timing arborist:ctor Completed in 2ms
33 http fetch GET 200 https://registry.npmjs.org/supabase 563ms (cache miss)
34 timing arborist:ctor Completed in 1ms
35 timing arborist:ctor Completed in 0ms
36 timing arborist:ctor Completed in 0ms
37 timing idealTree:init Completed in 26ms
38 timing idealTree:userRequests Completed in 2ms
39 silly idealTree buildDeps
40 silly fetch manifest supabase@2.84.2
41 http fetch GET 200 https://registry.npmjs.org/npm 971ms (cache miss)
42 http fetch GET 200 https://registry.npmjs.org/supabase 94ms (cache hit)
43 silly placeDep ROOT supabase@2.84.2 OK for:  want: 2.84.2
44 silly fetch manifest tar@7.5.13
45 silly fetch manifest bin-links@^6.0.0
46 silly fetch manifest node-fetch@^3.3.2
47 silly fetch manifest https-proxy-agent@^8.0.0
48 http fetch GET 200 https://registry.npmjs.org/tar 110ms (cache miss)
49 http fetch GET 200 https://registry.npmjs.org/https-proxy-agent 209ms (cache miss)
50 http fetch GET 200 https://registry.npmjs.org/node-fetch 216ms (cache miss)
51 http fetch GET 200 https://registry.npmjs.org/bin-links 249ms (cache miss)
52 timing idealTree:#root Completed in 376ms
53 silly placeDep ROOT bin-links@6.0.0 OK for: supabase@2.84.2 want: ^6.0.0
54 silly fetch manifest cmd-shim@^8.0.0
55 silly fetch manifest proc-log@^6.0.0
56 silly fetch manifest read-cmd-shim@^6.0.0
57 silly fetch manifest write-file-atomic@^7.0.0
58 silly fetch manifest npm-normalize-package-bin@^5.0.0
59 silly placeDep ROOT https-proxy-agent@8.0.0 OK for: supabase@2.84.2 want: ^8.0.0
60 silly fetch manifest debug@^4.3.4
61 silly fetch manifest agent-base@8.0.0
62 silly placeDep ROOT node-fetch@3.3.2 OK for: supabase@2.84.2 want: ^3.3.2
63 silly fetch manifest data-uri-to-buffer@^4.0.0
64 silly fetch manifest fetch-blob@^3.1.4
65 silly fetch manifest formdata-polyfill@^4.0.10
66 silly placeDep ROOT tar@7.5.13 OK for: supabase@2.84.2 want: 7.5.13
67 silly fetch manifest @isaacs/fs-minipass@^4.0.0
68 silly fetch manifest chownr@^3.0.0
69 silly fetch manifest minipass@^7.1.2
70 silly fetch manifest minizlib@^3.1.0
71 silly fetch manifest yallist@^5.0.0
72 http fetch GET 200 https://registry.npmjs.org/write-file-atomic 410ms (cache miss)
73 http fetch GET 200 https://registry.npmjs.org/proc-log 430ms (cache miss)
74 http fetch GET 200 https://registry.npmjs.org/cmd-shim 449ms (cache miss)
75 http fetch GET 200 https://registry.npmjs.org/@isaacs%2ffs-minipass 439ms (cache miss)
76 http fetch GET 200 https://registry.npmjs.org/npm-normalize-package-bin 465ms (cache miss)
77 http fetch GET 200 https://registry.npmjs.org/read-cmd-shim 474ms (cache miss)
78 http fetch GET 200 https://registry.npmjs.org/chownr 455ms (cache miss)
79 http fetch GET 200 https://registry.npmjs.org/yallist 451ms (cache miss)
80 http fetch GET 200 https://registry.npmjs.org/agent-base 477ms (cache miss)
81 http fetch GET 200 https://registry.npmjs.org/minizlib 463ms (cache miss)
82 http fetch GET 200 https://registry.npmjs.org/fetch-blob 483ms (cache miss)
83 http fetch GET 200 https://registry.npmjs.org/formdata-polyfill 486ms (cache miss)
84 http fetch GET 200 https://registry.npmjs.org/debug 504ms (cache miss)
85 http fetch GET 200 https://registry.npmjs.org/data-uri-to-buffer 506ms (cache miss)
86 http fetch GET 200 https://registry.npmjs.org/minipass 536ms (cache miss)
87 timing idealTree:node_modules/supabase Completed in 581ms
88 silly placeDep ROOT cmd-shim@8.0.0 OK for: bin-links@6.0.0 want: ^8.0.0
89 silly placeDep ROOT npm-normalize-package-bin@5.0.0 OK for: bin-links@6.0.0 want: ^5.0.0
90 silly placeDep ROOT proc-log@6.1.0 OK for: bin-links@6.0.0 want: ^6.0.0
91 silly placeDep ROOT read-cmd-shim@6.0.0 OK for: bin-links@6.0.0 want: ^6.0.0
92 silly placeDep ROOT write-file-atomic@7.0.1 OK for: bin-links@6.0.0 want: ^7.0.0
93 silly fetch manifest signal-exit@^4.0.1
94 http fetch GET 200 https://registry.npmjs.org/signal-exit 71ms (cache miss)
95 timing idealTree:node_modules/bin-links Completed in 98ms
96 timing idealTree:node_modules/cmd-shim Completed in 0ms
97 silly placeDep ROOT agent-base@8.0.0 OK for: https-proxy-agent@8.0.0 want: 8.0.0
98 silly placeDep ROOT debug@4.4.3 OK for: https-proxy-agent@8.0.0 want: ^4.3.4
99 silly fetch manifest ms@^2.1.3
100 http fetch GET 200 https://registry.npmjs.org/ms 58ms (cache miss)
101 timing idealTree:node_modules/https-proxy-agent Completed in 70ms
102 timing idealTree:node_modules/agent-base Completed in 0ms
103 silly placeDep ROOT ms@2.1.3 OK for: debug@4.4.3 want: ^2.1.3
104 timing idealTree:node_modules/debug Completed in 7ms
105 timing idealTree:node_modules/ms Completed in 0ms
106 silly placeDep ROOT data-uri-to-buffer@4.0.1 OK for: node-fetch@3.3.2 want: ^4.0.0
107 silly placeDep ROOT fetch-blob@3.2.0 OK for: node-fetch@3.3.2 want: ^3.1.4
108 silly fetch manifest node-domexception@^1.0.0
109 silly fetch manifest web-streams-polyfill@^3.0.3
110 silly placeDep ROOT formdata-polyfill@4.0.10 OK for: node-fetch@3.3.2 want: ^4.0.10
111 http fetch GET 200 https://registry.npmjs.org/web-streams-polyfill 89ms (cache miss)
112 http fetch GET 200 https://registry.npmjs.org/node-domexception 113ms (cache miss)
113 timing idealTree:node_modules/node-fetch Completed in 131ms
114 timing idealTree:node_modules/data-uri-to-buffer Completed in 0ms
115 silly placeDep ROOT node-domexception@1.0.0 OK for: fetch-blob@3.2.0 want: ^1.0.0
116 silly placeDep ROOT web-streams-polyfill@3.3.3 OK for: fetch-blob@3.2.0 want: ^3.0.3
117 timing idealTree:node_modules/fetch-blob Completed in 10ms
118 timing idealTree:node_modules/formdata-polyfill Completed in 0ms
119 timing idealTree:node_modules/node-domexception Completed in 0ms
120 timing idealTree:node_modules/npm-normalize-package-bin Completed in 0ms
121 timing idealTree:node_modules/proc-log Completed in 0ms
122 timing idealTree:node_modules/read-cmd-shim Completed in 0ms
123 silly placeDep ROOT @isaacs/fs-minipass@4.0.1 OK for: tar@7.5.13 want: ^4.0.0
124 silly fetch manifest minipass@^7.0.4
125 silly placeDep ROOT chownr@3.0.0 OK for: tar@7.5.13 want: ^3.0.0
126 silly placeDep ROOT minipass@7.1.3 OK for: tar@7.5.13 want: ^7.1.2
127 silly placeDep ROOT minizlib@3.1.0 OK for: tar@7.5.13 want: ^3.1.0
128 silly placeDep ROOT yallist@5.0.0 OK for: tar@7.5.13 want: ^5.0.0
129 timing idealTree:node_modules/tar Completed in 37ms
130 timing idealTree:node_modules/@isaacs/fs-minipass Completed in 0ms
131 timing idealTree:node_modules/chownr Completed in 0ms
132 timing idealTree:node_modules/minipass Completed in 0ms
133 timing idealTree:node_modules/minizlib Completed in 0ms
134 timing idealTree:node_modules/web-streams-polyfill Completed in 0ms
135 silly placeDep ROOT signal-exit@4.1.0 OK for: write-file-atomic@7.0.1 want: ^4.0.1
136 timing idealTree:node_modules/write-file-atomic Completed in 5ms
137 timing idealTree:node_modules/signal-exit Completed in 0ms
138 timing idealTree:node_modules/yallist Completed in 0ms
139 timing idealTree:buildDeps Completed in 1326ms
140 timing idealTree:fixDepFlags Completed in 2ms
141 warn EBADENGINE Unsupported engine {
141 warn EBADENGINE   package: 'bin-links@6.0.0',
141 warn EBADENGINE   required: { node: '^20.17.0 || >=22.9.0' },
141 warn EBADENGINE   current: { node: 'v20.11.1', npm: '10.2.4' }
141 warn EBADENGINE }
142 warn EBADENGINE Unsupported engine {
142 warn EBADENGINE   package: 'cmd-shim@8.0.0',
142 warn EBADENGINE   required: { node: '^20.17.0 || >=22.9.0' },
142 warn EBADENGINE   current: { node: 'v20.11.1', npm: '10.2.4' }
142 warn EBADENGINE }
143 warn EBADENGINE Unsupported engine {
143 warn EBADENGINE   package: 'npm-normalize-package-bin@5.0.0',
143 warn EBADENGINE   required: { node: '^20.17.0 || >=22.9.0' },
143 warn EBADENGINE   current: { node: 'v20.11.1', npm: '10.2.4' }
143 warn EBADENGINE }
144 warn EBADENGINE Unsupported engine {
144 warn EBADENGINE   package: 'proc-log@6.1.0',
144 warn EBADENGINE   required: { node: '^20.17.0 || >=22.9.0' },
144 warn EBADENGINE   current: { node: 'v20.11.1', npm: '10.2.4' }
144 warn EBADENGINE }
145 warn EBADENGINE Unsupported engine {
145 warn EBADENGINE   package: 'read-cmd-shim@6.0.0',
145 warn EBADENGINE   required: { node: '^20.17.0 || >=22.9.0' },
145 warn EBADENGINE   current: { node: 'v20.11.1', npm: '10.2.4' }
145 warn EBADENGINE }
146 warn EBADENGINE Unsupported engine {
146 warn EBADENGINE   package: 'write-file-atomic@7.0.1',
146 warn EBADENGINE   required: { node: '^20.17.0 || >=22.9.0' },
146 warn EBADENGINE   current: { node: 'v20.11.1', npm: '10.2.4' }
146 warn EBADENGINE }
147 timing idealTree Completed in 1398ms
148 timing reify:loadTrees Completed in 1403ms
149 timing reify:diffTrees Completed in 6ms
150 silly reify moves {}
151 timing reify:retireShallow Completed in 1ms
152 timing reify:createSparse Completed in 31ms
153 timing reify:loadBundles Completed in 0ms
154 silly audit bulk request {
154 silly audit   supabase: [ '2.84.2' ],
154 silly audit   'bin-links': [ '6.0.0' ],
154 silly audit   'https-proxy-agent': [ '8.0.0' ],
154 silly audit   'node-fetch': [ '3.3.2' ],
154 silly audit   tar: [ '7.5.13' ],
154 silly audit   'cmd-shim': [ '8.0.0' ],
154 silly audit   'npm-normalize-package-bin': [ '5.0.0' ],
154 silly audit   'proc-log': [ '6.1.0' ],
154 silly audit   'read-cmd-shim': [ '6.0.0' ],
154 silly audit   'write-file-atomic': [ '7.0.1' ],
154 silly audit   'agent-base': [ '8.0.0' ],
154 silly audit   debug: [ '4.4.3' ],
154 silly audit   ms: [ '2.1.3' ],
154 silly audit   'data-uri-to-buffer': [ '4.0.1' ],
154 silly audit   'fetch-blob': [ '3.2.0' ],
154 silly audit   'formdata-polyfill': [ '4.0.10' ],
154 silly audit   'node-domexception': [ '1.0.0' ],
154 silly audit   'web-streams-polyfill': [ '3.3.3' ],
154 silly audit   '@isaacs/fs-minipass': [ '4.0.1' ],
154 silly audit   chownr: [ '3.0.0' ],
154 silly audit   minipass: [ '7.1.3' ],
154 silly audit   minizlib: [ '3.1.0' ],
154 silly audit   yallist: [ '5.0.0' ],
154 silly audit   'signal-exit': [ '4.1.0' ]
154 silly audit }
155 silly tarball no local data for signal-exit@https://registry.npmjs.org/signal-exit/-/signal-exit-4.1.0.tgz. Extracting by manifest.
156 silly tarball no local data for yallist@https://registry.npmjs.org/yallist/-/yallist-5.0.0.tgz. Extracting by manifest.
157 silly tarball no local data for minizlib@https://registry.npmjs.org/minizlib/-/minizlib-3.1.0.tgz. Extracting by manifest.
158 silly tarball no local data for @isaacs/fs-minipass@https://registry.npmjs.org/@isaacs/fs-minipass/-/fs-minipass-4.0.1.tgz. Extracting by manifest.
159 silly tarball no local data for minipass@https://registry.npmjs.org/minipass/-/minipass-7.1.3.tgz. Extracting by manifest.
160 silly tarball no local data for chownr@https://registry.npmjs.org/chownr/-/chownr-3.0.0.tgz. Extracting by manifest.
161 silly tarball no local data for formdata-polyfill@https://registry.npmjs.org/formdata-polyfill/-/formdata-polyfill-4.0.10.tgz. Extracting by manifest.
162 silly tarball no local data for node-domexception@https://registry.npmjs.org/node-domexception/-/node-domexception-1.0.0.tgz. Extracting by manifest.
163 silly tarball no local data for web-streams-polyfill@https://registry.npmjs.org/web-streams-polyfill/-/web-streams-polyfill-3.3.3.tgz. Extracting by manifest.
164 silly tarball no local data for data-uri-to-buffer@https://registry.npmjs.org/data-uri-to-buffer/-/data-uri-to-buffer-4.0.1.tgz. Extracting by manifest.
165 silly tarball no local data for fetch-blob@https://registry.npmjs.org/fetch-blob/-/fetch-blob-3.2.0.tgz. Extracting by manifest.
166 silly tarball no local data for ms@https://registry.npmjs.org/ms/-/ms-2.1.3.tgz. Extracting by manifest.
167 silly tarball no local data for debug@https://registry.npmjs.org/debug/-/debug-4.4.3.tgz. Extracting by manifest.
168 silly tarball no local data for agent-base@https://registry.npmjs.org/agent-base/-/agent-base-8.0.0.tgz. Extracting by manifest.
169 silly tarball no local data for npm-normalize-package-bin@https://registry.npmjs.org/npm-normalize-package-bin/-/npm-normalize-package-bin-5.0.0.tgz. Extracting by manifest.
170 silly tarball no local data for write-file-atomic@https://registry.npmjs.org/write-file-atomic/-/write-file-atomic-7.0.1.tgz. Extracting by manifest.
171 silly tarball no local data for read-cmd-shim@https://registry.npmjs.org/read-cmd-shim/-/read-cmd-shim-6.0.0.tgz. Extracting by manifest.
172 silly tarball no local data for proc-log@https://registry.npmjs.org/proc-log/-/proc-log-6.1.0.tgz. Extracting by manifest.
173 silly tarball no local data for cmd-shim@https://registry.npmjs.org/cmd-shim/-/cmd-shim-8.0.0.tgz. Extracting by manifest.
174 silly tarball no local data for tar@https://registry.npmjs.org/tar/-/tar-7.5.13.tgz. Extracting by manifest.
175 silly tarball no local data for node-fetch@https://registry.npmjs.org/node-fetch/-/node-fetch-3.3.2.tgz. Extracting by manifest.
176 silly tarball no local data for https-proxy-agent@https://registry.npmjs.org/https-proxy-agent/-/https-proxy-agent-8.0.0.tgz. Extracting by manifest.
177 silly tarball no local data for bin-links@https://registry.npmjs.org/bin-links/-/bin-links-6.0.0.tgz. Extracting by manifest.
178 silly tarball no local data for supabase@https://registry.npmjs.org/supabase/-/supabase-2.84.2.tgz. Extracting by manifest.
179 http fetch POST 200 https://registry.npmjs.org/-/npm/v1/security/advisories/bulk 493ms
180 timing auditReport:getReport Completed in 498ms
181 silly audit report {}
182 timing auditReport:init Completed in 0ms
183 timing reify:audit Completed in 500ms
184 http fetch GET 200 https://registry.npmjs.org/ms/-/ms-2.1.3.tgz 754ms (cache miss)
185 timing reifyNode:node_modules/ms Completed in 826ms
186 http fetch GET 200 https://registry.npmjs.org/read-cmd-shim/-/read-cmd-shim-6.0.0.tgz 752ms (cache miss)
187 timing reifyNode:node_modules/read-cmd-shim Completed in 832ms
188 http fetch GET 200 https://registry.npmjs.org/npm-normalize-package-bin/-/npm-normalize-package-bin-5.0.0.tgz 771ms (cache miss)
189 timing reifyNode:node_modules/npm-normalize-package-bin Completed in 845ms
190 http fetch GET 200 https://registry.npmjs.org/proc-log/-/proc-log-6.1.0.tgz 768ms (cache miss)
191 timing reifyNode:node_modules/proc-log Completed in 849ms
192 http fetch GET 200 https://registry.npmjs.org/write-file-atomic/-/write-file-atomic-7.0.1.tgz 787ms (cache miss)
193 timing reifyNode:node_modules/write-file-atomic Completed in 863ms
194 http fetch GET 200 https://registry.npmjs.org/cmd-shim/-/cmd-shim-8.0.0.tgz 781ms (cache miss)
195 http fetch GET 200 https://registry.npmjs.org/supabase/-/supabase-2.84.2.tgz 765ms (cache miss)
196 timing reifyNode:node_modules/supabase Completed in 870ms
197 timing reifyNode:node_modules/cmd-shim Completed in 889ms
198 http fetch GET 200 https://registry.npmjs.org/data-uri-to-buffer/-/data-uri-to-buffer-4.0.1.tgz 850ms (cache miss)
199 timing reifyNode:node_modules/data-uri-to-buffer Completed in 927ms
200 http fetch GET 200 https://registry.npmjs.org/debug/-/debug-4.4.3.tgz 863ms (cache miss)
201 http fetch GET 200 https://registry.npmjs.org/formdata-polyfill/-/formdata-polyfill-4.0.10.tgz 880ms (cache miss)
202 timing reifyNode:node_modules/debug Completed in 950ms
203 timing reifyNode:node_modules/formdata-polyfill Completed in 955ms
204 http fetch GET 200 https://registry.npmjs.org/fetch-blob/-/fetch-blob-3.2.0.tgz 921ms (cache miss)
205 timing reifyNode:node_modules/fetch-blob Completed in 1024ms
206 http fetch GET 200 https://registry.npmjs.org/https-proxy-agent/-/https-proxy-agent-8.0.0.tgz 961ms (cache miss)
207 timing reifyNode:node_modules/https-proxy-agent Completed in 1069ms
208 http fetch GET 200 https://registry.npmjs.org/agent-base/-/agent-base-8.0.0.tgz 1001ms (cache miss)
209 timing reifyNode:node_modules/agent-base Completed in 1077ms
210 http fetch GET 200 https://registry.npmjs.org/chownr/-/chownr-3.0.0.tgz 1063ms (cache miss)
211 timing reifyNode:node_modules/chownr Completed in 1165ms
212 http fetch GET 200 https://registry.npmjs.org/@isaacs/fs-minipass/-/fs-minipass-4.0.1.tgz 1149ms (cache miss)
213 http fetch GET 200 https://registry.npmjs.org/yallist/-/yallist-5.0.0.tgz 1184ms (cache miss)
214 timing reifyNode:node_modules/yallist Completed in 1236ms
215 timing reifyNode:node_modules/@isaacs/fs-minipass Completed in 1236ms
216 http fetch GET 200 https://registry.npmjs.org/bin-links/-/bin-links-6.0.0.tgz 1165ms (cache miss)
217 timing reifyNode:node_modules/bin-links Completed in 1271ms
218 http fetch GET 200 https://registry.npmjs.org/minizlib/-/minizlib-3.1.0.tgz 1304ms (cache miss)
219 timing reifyNode:node_modules/minizlib Completed in 1368ms
220 http fetch GET 200 https://registry.npmjs.org/minipass/-/minipass-7.1.3.tgz 1318ms (cache miss)
221 http fetch GET 200 https://registry.npmjs.org/node-fetch/-/node-fetch-3.3.2.tgz 1293ms (cache miss)
222 timing reifyNode:node_modules/node-fetch Completed in 1381ms
223 timing reifyNode:node_modules/minipass Completed in 1386ms
224 http fetch GET 200 https://registry.npmjs.org/signal-exit/-/signal-exit-4.1.0.tgz 1380ms (cache miss)
225 timing reifyNode:node_modules/signal-exit Completed in 1432ms
226 http fetch GET 200 https://registry.npmjs.org/node-domexception/-/node-domexception-1.0.0.tgz 1430ms (cache miss)
227 warn deprecated node-domexception@1.0.0: Use your platform's native DOMException instead
228 timing reifyNode:node_modules/node-domexception Completed in 1498ms
229 http fetch GET 200 https://registry.npmjs.org/web-streams-polyfill/-/web-streams-polyfill-3.3.3.tgz 2491ms (cache miss)
230 timing reifyNode:node_modules/web-streams-polyfill Completed in 2561ms
231 http fetch GET 200 https://registry.npmjs.org/tar/-/tar-7.5.13.tgz 2583ms (cache miss)
232 timing reifyNode:node_modules/tar Completed in 2671ms
233 timing reify:unpack Completed in 2675ms
234 timing reify:unretire Completed in 0ms
235 timing build:queue Completed in 6ms
236 timing build:link:node_modules/supabase Completed in 3ms
237 timing build:link Completed in 3ms
238 info run supabase@2.84.2 postinstall node_modules/supabase node scripts/postinstall.js
239 info run supabase@2.84.2 postinstall { code: 0, signal: null }
240 timing build:run:postinstall:node_modules/supabase Completed in 12009ms
241 timing build:run:postinstall Completed in 12010ms
242 timing build:deps Completed in 12020ms
243 timing build Completed in 12020ms
244 timing reify:build Completed in 12021ms
245 timing reify:trash Completed in 0ms
246 timing reify:save Completed in 47ms
247 timing reify Completed in 16231ms
248 timing command:exec Completed in 20607ms
249 notice
249 notice New major version of npm available! 10.2.4 -> 11.12.1
249 notice Changelog: <https://github.com/npm/cli/releases/tag/v11.12.1>
249 notice Run `npm install -g npm@11.12.1` to update!
249 notice
250 verbose exit 0
251 timing npm Completed in 21741ms
252 info ok
